<?xml version="1.0" encoding="UTF-8"?>
<testng-results skipped="0" failed="1" total="9" passed="8">
  <reporter-output>
  </reporter-output>
  <suite name="Anandautsav 2018" duration-ms="110868" started-at="2018-10-18T08:15:04Z" finished-at="2018-10-18T08:16:55Z">
    <groups>
    </groups>
    <test name="AnandaUtsav Test Cases" duration-ms="110868" started-at="2018-10-18T08:15:04Z" finished-at="2018-10-18T08:16:55Z">
      <class name="AnandBazarTest.pagetest">
        <test-method status="PASS" signature="BrowserFactory(java.lang.String)[pri:0, instance:AnandBazarTest.pagetest@22f71333]" name="BrowserFactory" is-config="true" duration-ms="7361" started-at="2018-10-18T08:15:04Z" finished-at="2018-10-18T08:15:11Z">
          <params>
            <param index="0">
              <value>
                <![CDATA[chrome]]>
              </value>
            </param>
          </params>
          <reporter-output>
          </reporter-output>
        </test-method> <!-- BrowserFactory -->
        <test-method status="PASS" signature="validate_lead_stories()[pri:1, instance:AnandBazarTest.pagetest@22f71333]" name="validate_lead_stories" duration-ms="33464" started-at="2018-10-18T08:15:11Z" finished-at="2018-10-18T08:15:45Z">
          <reporter-output>
          </reporter-output>
        </test-method> <!-- validate_lead_stories -->
        <test-method status="PASS" signature="validate_puja_parikrama()[pri:2, instance:AnandBazarTest.pagetest@22f71333]" name="validate_puja_parikrama" duration-ms="32" started-at="2018-10-18T08:15:45Z" finished-at="2018-10-18T08:15:45Z">
          <reporter-output>
          </reporter-output>
        </test-method> <!-- validate_puja_parikrama -->
        <test-method status="PASS" signature="validate_celebrities_during_puja()[pri:3, instance:AnandBazarTest.pagetest@22f71333]" name="validate_celebrities_during_puja" duration-ms="12199" started-at="2018-10-18T08:15:45Z" finished-at="2018-10-18T08:15:57Z">
          <reporter-output>
          </reporter-output>
        </test-method> <!-- validate_celebrities_during_puja -->
        <test-method status="PASS" signature="validate_mahishasur_pala()[pri:4, instance:AnandBazarTest.pagetest@22f71333]" name="validate_mahishasur_pala" duration-ms="8862" started-at="2018-10-18T08:15:57Z" finished-at="2018-10-18T08:16:06Z">
          <reporter-output>
          </reporter-output>
        </test-method> <!-- validate_mahishasur_pala -->
        <test-method status="PASS" signature="validate_lifestyle_section()[pri:5, instance:AnandBazarTest.pagetest@22f71333]" name="validate_lifestyle_section" duration-ms="4655" started-at="2018-10-18T08:16:06Z" finished-at="2018-10-18T08:16:11Z">
          <reporter-output>
          </reporter-output>
        </test-method> <!-- validate_lifestyle_section -->
        <test-method status="PASS" signature="validate_food_section()[pri:6, instance:AnandBazarTest.pagetest@22f71333]" name="validate_food_section" duration-ms="8746" started-at="2018-10-18T08:16:11Z" finished-at="2018-10-18T08:16:19Z">
          <reporter-output>
          </reporter-output>
        </test-method> <!-- validate_food_section -->
        <test-method status="PASS" signature="validate_homeAndDecor()[pri:7, instance:AnandBazarTest.pagetest@22f71333]" name="validate_homeAndDecor" duration-ms="7360" started-at="2018-10-18T08:16:19Z" finished-at="2018-10-18T08:16:27Z">
          <reporter-output>
          </reporter-output>
        </test-method> <!-- validate_homeAndDecor -->
        <test-method status="PASS" signature="validate_sectionPage()[pri:8, instance:AnandBazarTest.pagetest@22f71333]" name="validate_sectionPage" duration-ms="8848" started-at="2018-10-18T08:16:27Z" finished-at="2018-10-18T08:16:35Z">
          <reporter-output>
          </reporter-output>
        </test-method> <!-- validate_sectionPage -->
        <test-method status="FAIL" signature="validate_storyPage()[pri:9, instance:AnandBazarTest.pagetest@22f71333]" name="validate_storyPage" duration-ms="17017" started-at="2018-10-18T08:16:35Z" finished-at="2018-10-18T08:16:53Z">
          <exception class="java.lang.AssertionError">
            <message>
              <![CDATA[Values should be different. Actual: Durga Puja 2018: Some Kolkata street foods you have to try in this puja dgtl - anandautsav.anandabazar.com]]>
            </message>
            <full-stacktrace>
              <![CDATA[java.lang.AssertionError: Values should be different. Actual: Durga Puja 2018: Some Kolkata street foods you have to try in this puja dgtl - anandautsav.anandabazar.com
	at org.junit.Assert.fail(Assert.java:88)
	at org.junit.Assert.failEquals(Assert.java:185)
	at org.junit.Assert.assertNotEquals(Assert.java:161)
	at org.junit.Assert.assertNotEquals(Assert.java:175)
	at AnandBazarPage.StoryPage.assertOtherStories(StoryPage.java:87)
	at AnandBazarTest.pagetest.validate_storyPage(pagetest.java:89)
	at sun.reflect.NativeMethodAccessorImpl.invoke0(Native Method)
	at sun.reflect.NativeMethodAccessorImpl.invoke(NativeMethodAccessorImpl.java:62)
	at sun.reflect.DelegatingMethodAccessorImpl.invoke(DelegatingMethodAccessorImpl.java:43)
	at java.lang.reflect.Method.invoke(Method.java:498)
	at org.testng.internal.MethodInvocationHelper.invokeMethod(MethodInvocationHelper.java:85)
	at org.testng.internal.Invoker.invokeMethod(Invoker.java:639)
	at org.testng.internal.Invoker.invokeTestMethod(Invoker.java:816)
	at org.testng.internal.Invoker.invokeTestMethods(Invoker.java:1124)
	at org.testng.internal.TestMethodWorker.invokeTestMethods(TestMethodWorker.java:125)
	at org.testng.internal.TestMethodWorker.run(TestMethodWorker.java:108)
	at org.testng.TestRunner.privateRun(TestRunner.java:774)
	at org.testng.TestRunner.run(TestRunner.java:624)
	at org.testng.SuiteRunner.runTest(SuiteRunner.java:359)
	at org.testng.SuiteRunner.runSequentially(SuiteRunner.java:354)
	at org.testng.SuiteRunner.privateRun(SuiteRunner.java:312)
	at org.testng.SuiteRunner.run(SuiteRunner.java:261)
	at org.testng.SuiteRunnerWorker.runSuite(SuiteRunnerWorker.java:52)
	at org.testng.SuiteRunnerWorker.run(SuiteRunnerWorker.java:86)
	at org.testng.TestNG.runSuitesSequentially(TestNG.java:1215)
	at org.testng.TestNG.runSuitesLocally(TestNG.java:1140)
	at org.testng.TestNG.run(TestNG.java:1048)
	at org.testng.TestNG.privateMain(TestNG.java:1355)
	at org.testng.TestNG.main(TestNG.java:1324)
]]>
            </full-stacktrace>
          </exception> <!-- java.lang.AssertionError -->
          <reporter-output>
          </reporter-output>
        </test-method> <!-- validate_storyPage -->
        <test-method status="PASS" signature="afterClass()[pri:0, instance:AnandBazarTest.pagetest@22f71333]" name="afterClass" is-config="true" duration-ms="2312" started-at="2018-10-18T08:16:53Z" finished-at="2018-10-18T08:16:55Z">
          <reporter-output>
          </reporter-output>
        </test-method> <!-- afterClass -->
      </class> <!-- AnandBazarTest.pagetest -->
    </test> <!-- AnandaUtsav Test Cases -->
  </suite> <!-- Anandautsav 2018 -->
</testng-results>
