<?xml version="1.0" encoding="UTF-8"?>
<!-- Generated by org.testng.reporters.JUnitXMLReporter -->
<testsuite hostname="ABPDigitalNoida-13724" name="Default test" tests="4" failures="0" timestamp="26 Mar 2019 06:42:10 GMT" time="0.062" errors="0">
  <testcase name="@BeforeMethod startdriver" time="0.0" classname="abpdigital_Robots.Photo_gallery">
    <failure type="org.testng.TestNGException" message="
Parameter &amp;apos;browser_name&amp;apos; is required by @Configuration on method startdriver but has not been marked @Optional or defined
in C:\Users\Digital-Noida02\AppData\Local\Temp\testng-eclipse--2128305405\testng-customsuite.xml">
      <![CDATA[org.testng.TestNGException: 
Parameter 'browser_name' is required by @Configuration on method startdriver but has not been marked @Optional or defined
in C:\Users\Digital-Noida02\AppData\Local\Temp\testng-eclipse--2128305405\testng-customsuite.xml
	at org.testng.internal.Parameters.createParameters(Parameters.java:154)
	at org.testng.internal.Parameters.createParameters(Parameters.java:361)
	at org.testng.internal.Parameters.createConfigurationParameters(Parameters.java:84)
	at org.testng.internal.Invoker.invokeConfigurations(Invoker.java:197)
	at org.testng.internal.Invoker.invokeMethod(Invoker.java:585)
	at org.testng.internal.Invoker.invokeTestMethod(Invoker.java:816)
	at org.testng.internal.Invoker.invokeTestMethods(Invoker.java:1124)
	at org.testng.internal.TestMethodWorker.invokeTestMethods(TestMethodWorker.java:125)
	at org.testng.internal.TestMethodWorker.run(TestMethodWorker.java:108)
	at org.testng.TestRunner.privateRun(TestRunner.java:774)
	at org.testng.TestRunner.run(TestRunner.java:624)
	at org.testng.SuiteRunner.runTest(SuiteRunner.java:359)
	at org.testng.SuiteRunner.runSequentially(SuiteRunner.java:354)
	at org.testng.SuiteRunner.privateRun(SuiteRunner.java:312)
	at org.testng.SuiteRunner.run(SuiteRunner.java:261)
	at org.testng.SuiteRunnerWorker.runSuite(SuiteRunnerWorker.java:52)
	at org.testng.SuiteRunnerWorker.run(SuiteRunnerWorker.java:86)
	at org.testng.TestNG.runSuitesSequentially(TestNG.java:1215)
	at org.testng.TestNG.runSuitesLocally(TestNG.java:1140)
	at org.testng.TestNG.run(TestNG.java:1048)
	at org.testng.remote.AbstractRemoteTestNG.run(AbstractRemoteTestNG.java:132)
	at org.testng.remote.RemoteTestNG.initAndRun(RemoteTestNG.java:236)
	at org.testng.remote.RemoteTestNG.main(RemoteTestNG.java:81)
]]>
    </failure>
  </testcase> <!-- @BeforeMethod startdriver -->
  <testcase name="@AfterMethod teardown" time="0.0" classname="abpdigital_Robots.Photo_gallery">
    <skipped/>
  </testcase> <!-- @AfterMethod teardown -->
  <testcase name="@BeforeMethod startdriver" time="0.0" classname="abpdigital_Robots.Photo_gallery">
    <skipped/>
  </testcase> <!-- @BeforeMethod startdriver -->
  <testcase name="@AfterMethod teardown" time="0.0" classname="abpdigital_Robots.Photo_gallery">
    <skipped/>
  </testcase> <!-- @AfterMethod teardown -->
  <testcase name="@BeforeMethod startdriver" time="0.0" classname="abpdigital_Robots.Photo_gallery">
    <skipped/>
  </testcase> <!-- @BeforeMethod startdriver -->
  <testcase name="@AfterMethod teardown" time="0.0" classname="abpdigital_Robots.Photo_gallery">
    <skipped/>
  </testcase> <!-- @AfterMethod teardown -->
  <testcase name="@BeforeMethod startdriver" time="0.0" classname="abpdigital_Robots.Photo_gallery">
    <skipped/>
  </testcase> <!-- @BeforeMethod startdriver -->
  <testcase name="@AfterMethod teardown" time="0.0" classname="abpdigital_Robots.Photo_gallery">
    <skipped/>
  </testcase> <!-- @AfterMethod teardown -->
  <testcase name="PhotoGallery_1ststory_click" time="0.007" classname="abpdigital_Robots.Photo_gallery">
    <skipped/>
  </testcase> <!-- PhotoGallery_1ststory_click -->
  <testcase name="PhotoGallery_2ndstory_click" time="0.001" classname="abpdigital_Robots.Photo_gallery">
    <skipped/>
  </testcase> <!-- PhotoGallery_2ndstory_click -->
  <testcase name="PhotoGallery_3rdstory_click" time="0.001" classname="abpdigital_Robots.Photo_gallery">
    <skipped/>
  </testcase> <!-- PhotoGallery_3rdstory_click -->
  <testcase name="PhotoGallery" time="0.001" classname="abpdigital_Robots.Photo_gallery">
    <skipped/>
  </testcase> <!-- PhotoGallery -->
</testsuite> <!-- Default test -->
