<?xml version="1.0" encoding="UTF-8"?>
<!-- Generated by org.testng.reporters.JUnitReportReporter -->
<testsuite hostname="ABPDigitalNoida-13724" name="abpdigital_Robots.robots" tests="15" failures="1" timestamp="20 Jun 2018 05:30:35 GMT" time="7.376" errors="0">
  <testcase name="test_Prod_Ebela_Robots" time="0.387" classname="abpdigital_Robots.robots"/>
  <testcase name="test_CMttef_Robots" time="0.276" classname="abpdigital_Robots.robots"/>
  <testcase name="test_images1ABP_Robots" time="0.475" classname="abpdigital_Robots.robots"/>
  <testcase name="test_Prod_ABP_Robots" time="0.148" classname="abpdigital_Robots.robots"/>
  <testcase name="test_imagesABP_Robots" time="0.401" classname="abpdigital_Robots.robots"/>
  <testcase name="test_origin_imagesABP_Robots" time="0.165" classname="abpdigital_Robots.robots"/>
  <testcase name="test_Prod_Fortuneindia_Robots" time="0.989" classname="abpdigital_Robots.robots">
    <failure type="java.lang.AssertionError" message="expected [User-agent: *
Disallow: 

User-agent: Googlebot-News
Disallow: /author
Disallow: /topic
Disallow: /fortune-500
Disallow: /mpw
Disallow: /40under40
Disallow: /next-500
Disallow: /psu] but found [User-agent: *
Disallow: /deleteAllLocalJsonFiles
Disallow: /generateEntitySitemap

User-agent: Googlebot-News
Disallow: /author
Disallow: /topic
Disallow: /fortune-500
Disallow: /mpw
Disallow: /40under40
Disallow: /next-500
Disallow: /psu]">
      <![CDATA[java.lang.AssertionError: expected [User-agent: *
Disallow: 

User-agent: Googlebot-News
Disallow: /author
Disallow: /topic
Disallow: /fortune-500
Disallow: /mpw
Disallow: /40under40
Disallow: /next-500
Disallow: /psu] but found [User-agent: *
Disallow: /deleteAllLocalJsonFiles
Disallow: /generateEntitySitemap

User-agent: Googlebot-News
Disallow: /author
Disallow: /topic
Disallow: /fortune-500
Disallow: /mpw
Disallow: /40under40
Disallow: /next-500
Disallow: /psu]
	at org.testng.Assert.fail(Assert.java:94)
	at org.testng.Assert.failNotEquals(Assert.java:496)
	at org.testng.Assert.assertEquals(Assert.java:125)
	at org.testng.Assert.assertEquals(Assert.java:178)
	at org.testng.Assert.assertEquals(Assert.java:188)
	at abpdigital_Robots.robots.test_Prod_Fortuneindia_Robots(robots.java:102)
	at sun.reflect.NativeMethodAccessorImpl.invoke0(Native Method)
	at sun.reflect.NativeMethodAccessorImpl.invoke(Unknown Source)
	at sun.reflect.DelegatingMethodAccessorImpl.invoke(Unknown Source)
	at java.lang.reflect.Method.invoke(Unknown Source)
	at org.testng.internal.MethodInvocationHelper.invokeMethod(MethodInvocationHelper.java:85)
	at org.testng.internal.Invoker.invokeMethod(Invoker.java:639)
	at org.testng.internal.Invoker.invokeTestMethod(Invoker.java:816)
	at org.testng.internal.Invoker.invokeTestMethods(Invoker.java:1124)
	at org.testng.internal.TestMethodWorker.invokeTestMethods(TestMethodWorker.java:125)
	at org.testng.internal.TestMethodWorker.run(TestMethodWorker.java:108)
	at org.testng.TestRunner.privateRun(TestRunner.java:774)
	at org.testng.TestRunner.run(TestRunner.java:624)
	at org.testng.SuiteRunner.runTest(SuiteRunner.java:359)
	at org.testng.SuiteRunner.runSequentially(SuiteRunner.java:354)
	at org.testng.SuiteRunner.privateRun(SuiteRunner.java:312)
	at org.testng.SuiteRunner.run(SuiteRunner.java:261)
	at org.testng.SuiteRunnerWorker.runSuite(SuiteRunnerWorker.java:52)
	at org.testng.SuiteRunnerWorker.run(SuiteRunnerWorker.java:86)
	at org.testng.TestNG.runSuitesSequentially(TestNG.java:1215)
	at org.testng.TestNG.runSuitesLocally(TestNG.java:1140)
	at org.testng.TestNG.run(TestNG.java:1048)
	at org.testng.remote.AbstractRemoteTestNG.run(AbstractRemoteTestNG.java:132)
	at org.testng.remote.RemoteTestNG.initAndRun(RemoteTestNG.java:236)
	at org.testng.remote.RemoteTestNG.main(RemoteTestNG.java:81)
]]>
    </failure>
  </testcase> <!-- test_Prod_Fortuneindia_Robots -->
  <testcase name="test_imagesEbela_Robots" time="0.367" classname="abpdigital_Robots.robots"/>
  <testcase name="test_Staging_ABP__Robots" time="0.397" classname="abpdigital_Robots.robots"/>
  <testcase name="test_originABP_Robots" time="0.506" classname="abpdigital_Robots.robots"/>
  <testcase name="test_telegraphindia_Robots" time="0.369" classname="abpdigital_Robots.robots"/>
  <testcase name="test_origin_images1ABP_Robots" time="0.265" classname="abpdigital_Robots.robots"/>
  <testcase name="test_Staging_Ebela__Robots" time="1.601" classname="abpdigital_Robots.robots"/>
  <testcase name="test_Staging_t2online_Robots" time="0.691" classname="abpdigital_Robots.robots"/>
  <testcase name="test_Prod_T2online_Robots" time="0.339" classname="abpdigital_Robots.robots"/>
</testsuite> <!-- abpdigital_Robots.robots -->
