<?xml version="1.0" encoding="UTF-8"?>
<!-- Generated by org.testng.reporters.JUnitXMLReporter -->
<testsuite hostname="ABPDigitalNoida-13724" name="ABPDigital SSL" tests="4" failures="1" timestamp="21 Nov 2017 12:31:03 GMT" time="21.712" errors="0">
  <testcase name="test_ABP_SSl_protocol" time="7.302" classname="abpdigital_Robots.SSl_protocol"/>
  <testcase name="test_Ebela_SSl_protocol" time="5.394" classname="abpdigital_Robots.SSl_protocol"/>
  <testcase name="test_T2online_SSl_protocol" time="3.382" classname="abpdigital_Robots.SSl_protocol">
    <failure type="java.lang.AssertionError" message="expected [t2online.com/] but found [t2online.com/entertainment/]">
      <![CDATA[java.lang.AssertionError: expected [t2online.com/] but found [t2online.com/entertainment/]
	at abpdigital_Robots.SSl_protocol.test_T2online_SSl_protocol(SSl_protocol.java:58)
... Removed 29 stack frames]]>
    </failure>
  </testcase> <!-- test_T2online_SSl_protocol -->
  <testcase name="test_Fortune_SSl_protocol" time="5.63" classname="abpdigital_Robots.SSl_protocol"/>
</testsuite> <!-- ABPDigital SSL -->
