<?xml version="1.0" encoding="UTF-8"?>
<!-- Generated by org.testng.reporters.JUnitXMLReporter -->
<testsuite hostname="ABPDigitalNoida-13724" name="CMS Planner" tests="20" failures="2" timestamp="19 Dec 2018 09:09:10 GMT" time="1475.457" errors="0">
  <testcase name="idea_create" time="54.689" classname="planner.Idea_creation"/>
  <testcase name="idea_reject" time="89.926" classname="planner.idea_rejection"/>
  <testcase name="story_promote" time="46.09" classname="planner.storyPromote"/>
  <testcase name="Openstory" time="43.747" classname="planner.storyOpen"/>
  <testcase name="submit_Story" time="58.548" classname="planner.submitStory">
    <skipped/>
  </testcase> <!-- submit_Story -->
  <testcase name="submit_Story" time="120.175" classname="planner.submitStory">
    <skipped/>
  </testcase> <!-- submit_Story -->
  <testcase name="submit_Story" time="58.573" classname="planner.submitStory">
    <skipped/>
  </testcase> <!-- submit_Story -->
  <testcase name="submit_Story" time="68.803" classname="planner.submitStory">
    <failure type="java.lang.IndexOutOfBoundsException" message="Index: 0, Size: 0">
      <![CDATA[java.lang.IndexOutOfBoundsException: Index: 0, Size: 0
	at java.util.ArrayList.rangeCheck(Unknown Source)
	at java.util.ArrayList.get(Unknown Source)
	at org.openqa.selenium.support.pagefactory.internal.LocatingElementListHandler.invoke(LocatingElementListHandler.java:39)
	at com.sun.proxy.$Proxy8.get(Unknown Source)
	at base.pageClass.textfill(pageClass.java:731)
	at base.pageClass.submitStory(pageClass.java:597)
	at planner.submitStory.submit_Story(submitStory.java:36)
... Removed 27 stack frames]]>
    </failure>
  </testcase> <!-- submit_Story -->
  <testcase name="story_approve" time="70.552" classname="planner.approveStory">
    <skipped/>
  </testcase> <!-- story_approve -->
  <testcase name="story_approve" time="71.29" classname="planner.approveStory">
    <skipped/>
  </testcase> <!-- story_approve -->
  <testcase name="story_approve" time="71.328" classname="planner.approveStory">
    <skipped/>
  </testcase> <!-- story_approve -->
  <testcase name="story_approve" time="34.0" classname="planner.approveStory">
    <failure type="java.lang.AssertionError" message="null">
      <![CDATA[java.lang.AssertionError: null
	at base.pageClass.approveStory(pageClass.java:629)
	at planner.approveStory.story_approve(approveStory.java:52)
... Removed 27 stack frames]]>
    </failure>
  </testcase> <!-- story_approve -->
  <testcase name="story_publish" time="40.203" classname="planner.publish_story">
    <skipped/>
  </testcase> <!-- story_publish -->
  <testcase name="story_publish" time="40.072" classname="planner.publish_story">
    <skipped/>
  </testcase> <!-- story_publish -->
  <testcase name="story_publish" time="43.101" classname="planner.publish_story"/>
  <testcase name="story_publish_delete" time="44.301" classname="planner.publish_story_delete"/>
  <testcase name="story_collection" time="21.464" classname="planner.story_collection_check">
    <skipped/>
  </testcase> <!-- story_collection -->
  <testcase name="story_collection" time="21.513" classname="planner.story_collection_check">
    <skipped/>
  </testcase> <!-- story_collection -->
  <testcase name="story_collection" time="21.444" classname="planner.story_collection_check">
    <skipped/>
  </testcase> <!-- story_collection -->
  <testcase name="story_collection" time="41.723" classname="planner.story_collection_check"/>
</testsuite> <!-- CMS Planner -->
