<?xml version="1.0" encoding="UTF-8"?>
<!-- Generated by org.testng.reporters.JUnitXMLReporter -->
<testsuite hostname="ABPDigitalNoida-13724" name="ABPDigital robots" tests="22" failures="1" timestamp="28 Dec 2018 11:03:14 GMT" time="634.369" errors="0">
  <testcase name="test_Prod_ABP_Robots" time="2.487" classname="abpdigital_Robots.robots"/>
  <testcase name="test_Prod_Ebela_Robots" time="2.433" classname="abpdigital_Robots.robots"/>
  <testcase name="test_Prod_T2online_Robots" time="2.445" classname="abpdigital_Robots.robots"/>
  <testcase name="test_Prod_Fortuneindia_Robots" time="3.289" classname="abpdigital_Robots.robots"/>
  <testcase name="test_Staging_ABP__Robots" time="2.496" classname="abpdigital_Robots.robots"/>
  <testcase name="test_Staging_Ebela__Robots" time="5.584" classname="abpdigital_Robots.robots"/>
  <testcase name="test_Staging_t2online_Robots" time="2.188" classname="abpdigital_Robots.robots"/>
  <testcase name="test_CMttef_Robots" time="3.783" classname="abpdigital_Robots.robots"/>
  <testcase name="test_images1ABP_Robots" time="2.518" classname="abpdigital_Robots.robots"/>
  <testcase name="test_imagesABP_Robots" time="6.039" classname="abpdigital_Robots.robots"/>
  <testcase name="test_originABP_Robots" time="3.242" classname="abpdigital_Robots.robots"/>
  <testcase name="test_origin_imagesABP_Robots" time="3.806" classname="abpdigital_Robots.robots"/>
  <testcase name="test_origin_images1ABP_Robots" time="6.246" classname="abpdigital_Robots.robots"/>
  <testcase name="test_telegraphindia_Robots" time="2.031" classname="abpdigital_Robots.robots"/>
  <testcase name="test_m_telegraphindia_Robots" time="2.373" classname="abpdigital_Robots.robots"/>
  <testcase name="test_imagesEbela_Robots" time="1.962" classname="abpdigital_Robots.robots"/>
  <testcase name="CanonicalCheck_ABP" time="21.043" classname="abpdigital_Robots.CanonicalCheck"/>
  <testcase name="CanonicalCheck_Ebela" time="41.983" classname="abpdigital_Robots.CanonicalCheck"/>
  <testcase name="PhotoGallery_1ststory_click" time="57.345" classname="abpdigital_Robots.Photo_gallery"/>
  <testcase name="PhotoGallery_2ndstory_click" time="52.384" classname="abpdigital_Robots.Photo_gallery"/>
  <testcase name="PhotoGallery_3rdstory_click" time="34.269" classname="abpdigital_Robots.Photo_gallery">
    <failure type="org.openqa.selenium.WebDriverException" message="unknown error: session deleted because of page crash
from unknown error: cannot determine loading status
from tab crashed
  (Session info: chrome=71.0.3578.80)
  (Driver info: chromedriver=2.44.609538 (b655c5a60b0b544917107a59d4153d4bf78e1b90),platform=Windows NT 10.0.10586 x86_64) (WARNING: The server did not provide any stacktrace information)
Command duration or timeout: 409 milliseconds
Build info: version: &amp;apos;2.53.0&amp;apos;, revision: &amp;apos;35ae25b&amp;apos;, time: &amp;apos;2016-03-15 16:57:40&amp;apos;
System info: host: &amp;apos;ABPDigitalNoida-13724&amp;apos;, ip: &amp;apos;10.138.10.50&amp;apos;, os.name: &amp;apos;Windows 10&amp;apos;, os.arch: &amp;apos;amd64&amp;apos;, os.version: &amp;apos;10.0&amp;apos;, java.version: &amp;apos;1.8.0_131&amp;apos;
Driver info: org.openqa.selenium.remote.RemoteWebDriver
Capabilities [{mobileEmulationEnabled=false, hasTouchScreen=false, platform=XP, acceptSslCerts=false, goog:chromeOptions={debuggerAddress=localhost:64533}, acceptInsecureCerts=false, webStorageEnabled=true, takesScreenshot=true, browserName=chrome, javascriptEnabled=true, setWindowRect=true, unexpectedAlertBehaviour=ignore, applicationCacheEnabled=false, rotatable=false, networkConnectionEnabled=false, chrome={chromedriverVersion=2.44.609538 (b655c5a60b0b544917107a59d4153d4bf78e1b90), userDataDir=C:\Users\ADMINI~1\AppData\Local\Temp\scoped_dir3152_24358}, takesHeapSnapshot=true, pageLoadStrategy=normal, hasMetadata=true, handlesAlerts=true, databaseEnabled=false, version=71.0.3578.80, browserConnectionEnabled=false, nativeEvents=true, webdriver.remote.sessionid=04cb8f97372f4913b0559ea8f553a17d, locationContextEnabled=true, cssSelectorsEnabled=true}]
Session ID: 04cb8f97372f4913b0559ea8f553a17d
*** Element info: {Using=css selector, value=h3.latest-article-heading}">
      <![CDATA[org.openqa.selenium.WebDriverException: unknown error: session deleted because of page crash
from unknown error: cannot determine loading status
from tab crashed
  (Session info: chrome=71.0.3578.80)
  (Driver info: chromedriver=2.44.609538 (b655c5a60b0b544917107a59d4153d4bf78e1b90),platform=Windows NT 10.0.10586 x86_64) (WARNING: The server did not provide any stacktrace information)
Command duration or timeout: 409 milliseconds
Build info: version: '2.53.0', revision: '35ae25b', time: '2016-03-15 16:57:40'
System info: host: 'ABPDigitalNoida-13724', ip: '10.138.10.50', os.name: 'Windows 10', os.arch: 'amd64', os.version: '10.0', java.version: '1.8.0_131'
Driver info: org.openqa.selenium.remote.RemoteWebDriver
Capabilities [{mobileEmulationEnabled=false, hasTouchScreen=false, platform=XP, acceptSslCerts=false, goog:chromeOptions={debuggerAddress=localhost:64533}, acceptInsecureCerts=false, webStorageEnabled=true, takesScreenshot=true, browserName=chrome, javascriptEnabled=true, setWindowRect=true, unexpectedAlertBehaviour=ignore, applicationCacheEnabled=false, rotatable=false, networkConnectionEnabled=false, chrome={chromedriverVersion=2.44.609538 (b655c5a60b0b544917107a59d4153d4bf78e1b90), userDataDir=C:\Users\ADMINI~1\AppData\Local\Temp\scoped_dir3152_24358}, takesHeapSnapshot=true, pageLoadStrategy=normal, hasMetadata=true, handlesAlerts=true, databaseEnabled=false, version=71.0.3578.80, browserConnectionEnabled=false, nativeEvents=true, webdriver.remote.sessionid=04cb8f97372f4913b0559ea8f553a17d, locationContextEnabled=true, cssSelectorsEnabled=true}]
Session ID: 04cb8f97372f4913b0559ea8f553a17d
*** Element info: {Using=css selector, value=h3.latest-article-heading}
	at org.openqa.selenium.remote.ErrorHandler.createThrowable(ErrorHandler.java:206)
	at org.openqa.selenium.remote.ErrorHandler.throwIfResponseFailed(ErrorHandler.java:158)
	at org.openqa.selenium.remote.RemoteWebDriver.execute(RemoteWebDriver.java:678)
	at org.openqa.selenium.remote.RemoteWebDriver.findElement(RemoteWebDriver.java:363)
	at org.openqa.selenium.remote.RemoteWebDriver.findElementByCssSelector(RemoteWebDriver.java:492)
	at org.openqa.selenium.By$ByCssSelector.findElement(By.java:430)
	at org.openqa.selenium.remote.RemoteWebDriver.findElement(RemoteWebDriver.java:355)
	at abpdigital_Robots.Photo_gallery.PhotoGallery_3rdstory_click(Photo_gallery.java:163)
... Removed 28 stack frames]]>
    </failure>
  </testcase> <!-- PhotoGallery_3rdstory_click -->
  <testcase name="PhotoGallery" time="89.278" classname="abpdigital_Robots.Photo_gallery"/>
</testsuite> <!-- ABPDigital robots -->
