<?xml version="1.0" encoding="UTF-8"?>
<!-- Generated by org.testng.reporters.JUnitXMLReporter -->
<testsuite hostname="ABPDigitalNoida-13724" name="EbelaABP CanonicalCHeck" tests="2" failures="1" timestamp="21 Nov 2017 12:32:03 GMT" time="60.257" errors="0">
  <testcase name="CanonicalCheck_ABP" time="5.278" classname="abpdigital_Robots.CanonicalCheck">
    <failure type="java.lang.AssertionError" message="expected [http://www.anandabazar.com/] but found [https://www.anandabazar.com/]">
      <![CDATA[java.lang.AssertionError: expected [http://www.anandabazar.com/] but found [https://www.anandabazar.com/]
	at abpdigital_Robots.CanonicalCheck.CanonicalCheck_ABP(CanonicalCheck.java:44)
... Removed 29 stack frames]]>
    </failure>
  </testcase> <!-- CanonicalCheck_ABP -->
  <testcase name="CanonicalCheck_Ebela" time="54.037" classname="abpdigital_Robots.CanonicalCheck"/>
</testsuite> <!-- EbelaABP CanonicalCHeck -->
