<?xml version="1.0" encoding="UTF-8"?>
<!-- Generated by org.testng.reporters.JUnitReportReporter -->
<testsuite hostname="WIN-6B1JJBPUCLM" name="AnandBazarTest.pagetest" tests="9" failures="1" timestamp="18 Oct 2018 08:16:55 GMT" time="101.183" errors="0">
  <testcase name="validate_lead_stories" time="33.464" classname="AnandBazarTest.pagetest"/>
  <testcase name="validate_celebrities_during_puja" time="12.199" classname="AnandBazarTest.pagetest"/>
  <testcase name="validate_sectionPage" time="8.848" classname="AnandBazarTest.pagetest"/>
  <testcase name="validate_homeAndDecor" time="7.360" classname="AnandBazarTest.pagetest"/>
  <testcase name="validate_mahishasur_pala" time="8.862" classname="AnandBazarTest.pagetest"/>
  <testcase name="validate_food_section" time="8.746" classname="AnandBazarTest.pagetest"/>
  <testcase name="validate_puja_parikrama" time="0.032" classname="AnandBazarTest.pagetest"/>
  <testcase name="validate_lifestyle_section" time="4.655" classname="AnandBazarTest.pagetest"/>
  <testcase name="validate_storyPage" time="17.017" classname="AnandBazarTest.pagetest">
    <failure type="java.lang.AssertionError" message="Values should be different. Actual: Durga Puja 2018: Some Kolkata street foods you have to try in this puja dgtl - anandautsav.anandabazar.com">
      <![CDATA[java.lang.AssertionError: Values should be different. Actual: Durga Puja 2018: Some Kolkata street foods you have to try in this puja dgtl - anandautsav.anandabazar.com
	at org.junit.Assert.fail(Assert.java:88)
	at org.junit.Assert.failEquals(Assert.java:185)
	at org.junit.Assert.assertNotEquals(Assert.java:161)
	at org.junit.Assert.assertNotEquals(Assert.java:175)
	at AnandBazarPage.StoryPage.assertOtherStories(StoryPage.java:87)
	at AnandBazarTest.pagetest.validate_storyPage(pagetest.java:89)
	at sun.reflect.NativeMethodAccessorImpl.invoke0(Native Method)
	at sun.reflect.NativeMethodAccessorImpl.invoke(NativeMethodAccessorImpl.java:62)
	at sun.reflect.DelegatingMethodAccessorImpl.invoke(DelegatingMethodAccessorImpl.java:43)
	at java.lang.reflect.Method.invoke(Method.java:498)
	at org.testng.internal.MethodInvocationHelper.invokeMethod(MethodInvocationHelper.java:85)
	at org.testng.internal.Invoker.invokeMethod(Invoker.java:639)
	at org.testng.internal.Invoker.invokeTestMethod(Invoker.java:816)
	at org.testng.internal.Invoker.invokeTestMethods(Invoker.java:1124)
	at org.testng.internal.TestMethodWorker.invokeTestMethods(TestMethodWorker.java:125)
	at org.testng.internal.TestMethodWorker.run(TestMethodWorker.java:108)
	at org.testng.TestRunner.privateRun(TestRunner.java:774)
	at org.testng.TestRunner.run(TestRunner.java:624)
	at org.testng.SuiteRunner.runTest(SuiteRunner.java:359)
	at org.testng.SuiteRunner.runSequentially(SuiteRunner.java:354)
	at org.testng.SuiteRunner.privateRun(SuiteRunner.java:312)
	at org.testng.SuiteRunner.run(SuiteRunner.java:261)
	at org.testng.SuiteRunnerWorker.runSuite(SuiteRunnerWorker.java:52)
	at org.testng.SuiteRunnerWorker.run(SuiteRunnerWorker.java:86)
	at org.testng.TestNG.runSuitesSequentially(TestNG.java:1215)
	at org.testng.TestNG.runSuitesLocally(TestNG.java:1140)
	at org.testng.TestNG.run(TestNG.java:1048)
	at org.testng.TestNG.privateMain(TestNG.java:1355)
	at org.testng.TestNG.main(TestNG.java:1324)
]]>
    </failure>
  </testcase> <!-- validate_storyPage -->
</testsuite> <!-- AnandBazarTest.pagetest -->
